<?xml version="1.0" encoding="UTF-8"?>
<testsuite xmlns:xsi="http://www.w3.org/2001/XMLSchema-instance" xsi:schemaLocation="https://maven.apache.org/surefire/maven-surefire-plugin/xsd/surefire-test-report.xsd" name="com.zillion.microservices.palindrome.web.controller.PalindromeControllerTest" time="5.835" tests="6" errors="0" skipped="0" failures="0">
  <properties>
[...]
</properties>
  <testcase name="verifySuccessfulTransaction" classname="com.zillion.microservices.palindrome.web.controller.PalindromeControllerTest" time="1.755"/>
  <testcase name="checkLimitValidationForLessThan1" classname="com.zillion.microservices.palindrome.web.controller.PalindromeControllerTest" time="0.021"/>
  <testcase name="verifyPalindromeAPICallWithId" classname="com.zillion.microservices.palindrome.web.controller.PalindromeControllerTest" time="0.007"/>
  <testcase name="submitPostRequest_ShouldReturnMethodNotSupported" classname="com.zillion.microservices.palindrome.web.controller.PalindromeControllerTest" time="0.024"/>
  <testcase name="checkLimitValidationForMoreThan6" classname="com.zillion.microservices.palindrome.web.controller.PalindromeControllerTest" time="0.079"/>
  <testcase name="verifyFailedTransaction" classname="com.zillion.microservices.palindrome.web.controller.PalindromeControllerTest" time="0.057"/>
</testsuite>